\BOOKMARK [1][-]{section*.2}{\376\377\000S\000t\000u\000d\000y\000\040\0001}{}% 1
\BOOKMARK [2][-]{section*.3}{\376\377\000M\000e\000t\000h\000o\000d\000s}{section*.2}% 2
\BOOKMARK [3][-]{section*.4}{\376\377\000M\000a\000t\000e\000r\000i\000a\000l\000s}{section*.3}% 3
\BOOKMARK [2][-]{section*.8}{\376\377\000R\000e\000s\000u\000l\000t\000s}{section*.2}% 4
\BOOKMARK [3][-]{section*.9}{\376\377\000D\000i\000s\000t\000r\000i\000b\000u\000t\000i\000o\000n\000s}{section*.8}% 5
\BOOKMARK [3][-]{section*.11}{\376\377\000M\000a\000n\000i\000p\000u\000l\000a\000t\000i\000o\000n\000\040\000C\000h\000e\000c\000k\000s}{section*.8}% 6
\BOOKMARK [3][-]{section*.12}{\376\377\000M\000a\000r\000g\000i\000n\000a\000l\000\040\000C\000o\000n\000t\000r\000a\000s\000t\000s}{section*.8}% 7
\BOOKMARK [2][-]{section*.20}{\376\377\000D\000i\000s\000c\000u\000s\000s\000i\000o\000n}{section*.2}% 8
\BOOKMARK [1][-]{section*.21}{\376\377\000S\000t\000u\000d\000y\000\040\0002}{}% 9
\BOOKMARK [2][-]{section*.22}{\376\377\000M\000e\000t\000h\000o\000d\000s}{section*.21}% 10
\BOOKMARK [3][-]{section*.23}{\376\377\000P\000a\000r\000t\000i\000c\000i\000p\000a\000n\000t\000s}{section*.22}% 11
\BOOKMARK [3][-]{section*.24}{\376\377\000M\000a\000t\000e\000r\000i\000a\000l\000s}{section*.22}% 12
\BOOKMARK [3][-]{section*.28}{\376\377\000P\000r\000o\000c\000e\000d\000u\000r\000e}{section*.22}% 13
\BOOKMARK [3][-]{section*.30}{\376\377\000D\000a\000t\000a\000\040\000A\000n\000a\000l\000y\000s\000i\000s}{section*.22}% 14
\BOOKMARK [2][-]{section*.31}{\376\377\000R\000e\000s\000u\000l\000t\000s}{section*.21}% 15
\BOOKMARK [3][-]{section*.32}{\376\377\000D\000i\000s\000t\000r\000i\000b\000u\000t\000i\000o\000n\000s}{section*.31}% 16
\BOOKMARK [3][-]{section*.34}{\376\377\000M\000a\000n\000i\000p\000u\000l\000a\000t\000i\000o\000n\000\040\000c\000h\000e\000c\000k\000s}{section*.31}% 17
\BOOKMARK [3][-]{section*.35}{\376\377\000M\000a\000r\000g\000i\000n\000a\000l\000\040\000c\000o\000n\000t\000r\000a\000s\000t\000s}{section*.31}% 18
\BOOKMARK [2][-]{section*.44}{\376\377\000D\000i\000s\000c\000u\000s\000s\000i\000o\000n}{section*.21}% 19
\BOOKMARK [1][-]{section*.45}{\376\377\000G\000e\000n\000e\000r\000a\000l\000\040\000D\000i\000s\000c\000u\000s\000s\000i\000o\000n}{}% 20
\BOOKMARK [1][-]{section*.46}{\376\377\000R\000e\000f\000e\000r\000e\000n\000c\000e\000s}{}% 21
